[debug] [2020-09-05T12:48:49.874Z] ----------------------------------------------------------------------
[debug] [2020-09-05T12:48:49.876Z] Command:       /usr/local/bin/node /usr/local/bin/firebase emulators:start
[debug] [2020-09-05T12:48:49.876Z] CLI Version:   8.9.2
[debug] [2020-09-05T12:48:49.876Z] Platform:      darwin
[debug] [2020-09-05T12:48:49.877Z] Node Version:  v13.10.1
[debug] [2020-09-05T12:48:49.894Z] Time:          Sat Sep 05 2020 19:48:49 GMT+0700 (Indochina Time)
[debug] [2020-09-05T12:48:49.894Z] ----------------------------------------------------------------------
[debug] [2020-09-05T12:48:49.895Z] 
[debug] [2020-09-05T12:48:49.919Z] > command requires scopes: ["email","openid","https://www.googleapis.com/auth/cloudplatformprojects.readonly","https://www.googleapis.com/auth/firebase","https://www.googleapis.com/auth/cloud-platform"]
[debug] [2020-09-05T12:48:49.919Z] > authorizing via signed-in user
[info] i  emulators: Starting emulators: functions {"metadata":{"emulator":{"name":"hub"},"message":"Starting emulators: functions"}}
[debug] [2020-09-05T12:48:49.962Z] [hub] writing locator at /var/folders/97/h0v13rsn1jxbg6fq5cbtdgnw0000gp/T/hub-fraa-capstone.json
[warn] ⚠  functions: The following emulators are not running, calls to these services from the Functions emulator will affect production: firestore, database, hosting, pubsub {"metadata":{"emulator":{"name":"functions"},"message":"The following emulators are not running, calls to these services from the Functions emulator will affect production: \u001b[1mfirestore, database, hosting, pubsub\u001b[22m"}}
[warn] ⚠  Your requested "node" version "10" doesn't match your global version "13" {"metadata":{"emulator":{"name":"functions"},"message":"Your requested \"node\" version \"10\" doesn't match your global version \"13\""}}
[debug] [2020-09-05T12:48:49.998Z] defaultcredentials: writing to file /Users/trung/.config/firebase/rodflores456_gmail_com_application_default_credentials.json
[debug] [2020-09-05T12:48:50.001Z] Setting GAC to /Users/trung/.config/firebase/rodflores456_gmail_com_application_default_credentials.json {"metadata":{"emulator":{"name":"functions"},"message":"Setting GAC to /Users/trung/.config/firebase/rodflores456_gmail_com_application_default_credentials.json"}}
[debug] [2020-09-05T12:48:50.264Z] Ignoring unsupported arg: auto_download {"metadata":{"emulator":{"name":"ui"},"message":"Ignoring unsupported arg: auto_download"}}
[debug] [2020-09-05T12:48:50.264Z] Ignoring unsupported arg: port {"metadata":{"emulator":{"name":"ui"},"message":"Ignoring unsupported arg: port"}}
[debug] [2020-09-05T12:48:50.264Z] Starting Emulator UI with command {"binary":"node","args":["/Users/trung/.cache/firebase/emulators/ui-v1.1.1/server.bundle.js"],"optionalArgs":[],"joinArgs":false} {"metadata":{"emulator":{"name":"ui"},"message":"Starting Emulator UI with command {\"binary\":\"node\",\"args\":[\"/Users/trung/.cache/firebase/emulators/ui-v1.1.1/server.bundle.js\"],\"optionalArgs\":[],\"joinArgs\":false}"}}
[info] i  ui: Emulator UI logging to ui-debug.log {"metadata":{"emulator":{"name":"ui"},"message":"Emulator UI logging to \u001b[1mui-debug.log\u001b[22m"}}
[debug] [2020-09-05T12:48:50.356Z] Web / API server started at http://localhost:4000
 {"metadata":{"emulator":{"name":"ui"},"message":"Web / API server started at http://localhost:4000\n"}}
[info] i  functions: Watching "/Users/trung/Desktop/fraa/fraa-functions/functions" for Cloud Functions... {"metadata":{"emulator":{"name":"functions"},"message":"Watching \"/Users/trung/Desktop/fraa/fraa-functions/functions\" for Cloud Functions..."}}
[debug] [2020-09-05T12:48:50.534Z] [worker-pool] addWorker(~diagnostic~) {"metadata":{"emulator":{"name":"functions"},"message":"[worker-pool] addWorker(~diagnostic~)"}}
[debug] [2020-09-05T12:48:50.534Z] [worker-pool] Adding worker with key ~diagnostic~, total=1 {"metadata":{"emulator":{"name":"functions"},"message":"[worker-pool] Adding worker with key ~diagnostic~, total=1"}}
[debug] [2020-09-05T12:48:50.535Z] [worker-pool] submitWork(triggerId=) {"metadata":{"emulator":{"name":"functions"},"message":"[worker-pool] submitWork(triggerId=)"}}
[debug] [2020-09-05T12:48:50.535Z] [worker-~diagnostic~-e0743047-3e94-4f6f-abe8-c8937ffced44]: Assigning socketPath: /var/folders/97/h0v13rsn1jxbg6fq5cbtdgnw0000gp/T/fire_emu_1202.sock {"metadata":{"emulator":{"name":"functions"},"message":"[worker-~diagnostic~-e0743047-3e94-4f6f-abe8-c8937ffced44]: Assigning socketPath: /var/folders/97/h0v13rsn1jxbg6fq5cbtdgnw0000gp/T/fire_emu_1202.sock"}}
[debug] [2020-09-05T12:48:50.535Z] [worker-~diagnostic~-e0743047-3e94-4f6f-abe8-c8937ffced44]: BUSY {"metadata":{"emulator":{"name":"functions"},"message":"[worker-~diagnostic~-e0743047-3e94-4f6f-abe8-c8937ffced44]: BUSY"}}
[debug] [2020-09-05T12:48:50.855Z] [runtime-status] [1202] Functions runtime initialized. {"cwd":"/Users/trung/Desktop/fraa/fraa-functions/functions","node_version":"13.10.1"} {"metadata":{"emulator":{"name":"functions"},"message":"[runtime-status] [1202] Functions runtime initialized. {\"cwd\":\"/Users/trung/Desktop/fraa/fraa-functions/functions\",\"node_version\":\"13.10.1\"}"}}
[debug] [2020-09-05T12:48:50.857Z] [runtime-status] [1202] Disabled runtime features: undefined {"metadata":{"emulator":{"name":"functions"},"message":"[runtime-status] [1202] Disabled runtime features: undefined"}}
[debug] [2020-09-05T12:48:50.866Z] [runtime-status] [1202] Resolved module firebase-admin {"declared":true,"installed":true,"version":"8.13.0","resolution":"/Users/trung/Desktop/fraa/fraa-functions/functions/node_modules/firebase-admin/lib/index.js"} {"metadata":{"emulator":{"name":"functions"},"message":"[runtime-status] [1202] Resolved module firebase-admin {\"declared\":true,\"installed\":true,\"version\":\"8.13.0\",\"resolution\":\"/Users/trung/Desktop/fraa/fraa-functions/functions/node_modules/firebase-admin/lib/index.js\"}"}}
[debug] [2020-09-05T12:48:50.870Z] [runtime-status] [1202] Resolved module firebase-functions {"declared":true,"installed":true,"version":"3.7.0","resolution":"/Users/trung/Desktop/fraa/fraa-functions/functions/node_modules/firebase-functions/lib/index.js"} {"metadata":{"emulator":{"name":"functions"},"message":"[runtime-status] [1202] Resolved module firebase-functions {\"declared\":true,\"installed\":true,\"version\":\"3.7.0\",\"resolution\":\"/Users/trung/Desktop/fraa/fraa-functions/functions/node_modules/firebase-functions/lib/index.js\"}"}}
[debug] [2020-09-05T12:48:50.872Z] [runtime-status] [1202] Resolved module firebase-functions {"declared":true,"installed":true,"version":"3.7.0","resolution":"/Users/trung/Desktop/fraa/fraa-functions/functions/node_modules/firebase-functions/lib/index.js"} {"metadata":{"emulator":{"name":"functions"},"message":"[runtime-status] [1202] Resolved module firebase-functions {\"declared\":true,\"installed\":true,\"version\":\"3.7.0\",\"resolution\":\"/Users/trung/Desktop/fraa/fraa-functions/functions/node_modules/firebase-functions/lib/index.js\"}"}}
[debug] [2020-09-05T12:48:50.874Z] [runtime-status] [1202] Outgoing network have been stubbed. [{"name":"http","status":"mocked"},{"name":"http","status":"mocked"},{"name":"https","status":"mocked"},{"name":"https","status":"mocked"},{"name":"net","status":"mocked"}] {"metadata":{"emulator":{"name":"functions"},"message":"[runtime-status] [1202] Outgoing network have been stubbed. [{\"name\":\"http\",\"status\":\"mocked\"},{\"name\":\"http\",\"status\":\"mocked\"},{\"name\":\"https\",\"status\":\"mocked\"},{\"name\":\"https\",\"status\":\"mocked\"},{\"name\":\"net\",\"status\":\"mocked\"}]"}}
[debug] [2020-09-05T12:48:50.875Z] [runtime-status] [1202] Resolved module firebase-functions {"declared":true,"installed":true,"version":"3.7.0","resolution":"/Users/trung/Desktop/fraa/fraa-functions/functions/node_modules/firebase-functions/lib/index.js"} {"metadata":{"emulator":{"name":"functions"},"message":"[runtime-status] [1202] Resolved module firebase-functions {\"declared\":true,\"installed\":true,\"version\":\"3.7.0\",\"resolution\":\"/Users/trung/Desktop/fraa/fraa-functions/functions/node_modules/firebase-functions/lib/index.js\"}"}}
[debug] [2020-09-05T12:48:51.059Z] [runtime-status] [1202] Checked functions.config() {"config":{}} {"metadata":{"emulator":{"name":"functions"},"message":"[runtime-status] [1202] Checked functions.config() {\"config\":{}}"}}
[debug] [2020-09-05T12:48:51.060Z] [runtime-status] [1202] firebase-functions has been stubbed. {"functionsResolution":{"declared":true,"installed":true,"version":"3.7.0","resolution":"/Users/trung/Desktop/fraa/fraa-functions/functions/node_modules/firebase-functions/lib/index.js"}} {"metadata":{"emulator":{"name":"functions"},"message":"[runtime-status] [1202] firebase-functions has been stubbed. {\"functionsResolution\":{\"declared\":true,\"installed\":true,\"version\":\"3.7.0\",\"resolution\":\"/Users/trung/Desktop/fraa/fraa-functions/functions/node_modules/firebase-functions/lib/index.js\"}}"}}
[debug] [2020-09-05T12:48:51.060Z] [runtime-status] [1202] Resolved module firebase-functions {"declared":true,"installed":true,"version":"3.7.0","resolution":"/Users/trung/Desktop/fraa/fraa-functions/functions/node_modules/firebase-functions/lib/index.js"} {"metadata":{"emulator":{"name":"functions"},"message":"[runtime-status] [1202] Resolved module firebase-functions {\"declared\":true,\"installed\":true,\"version\":\"3.7.0\",\"resolution\":\"/Users/trung/Desktop/fraa/fraa-functions/functions/node_modules/firebase-functions/lib/index.js\"}"}}
[debug] [2020-09-05T12:48:51.061Z] [runtime-status] [1202] Resolved module firebase-admin {"declared":true,"installed":true,"version":"8.13.0","resolution":"/Users/trung/Desktop/fraa/fraa-functions/functions/node_modules/firebase-admin/lib/index.js"} {"metadata":{"emulator":{"name":"functions"},"message":"[runtime-status] [1202] Resolved module firebase-admin {\"declared\":true,\"installed\":true,\"version\":\"8.13.0\",\"resolution\":\"/Users/trung/Desktop/fraa/fraa-functions/functions/node_modules/firebase-admin/lib/index.js\"}"}}
[debug] [2020-09-05T12:48:51.062Z] [runtime-status] [1202] Resolved module firebase-functions {"declared":true,"installed":true,"version":"3.7.0","resolution":"/Users/trung/Desktop/fraa/fraa-functions/functions/node_modules/firebase-functions/lib/index.js"} {"metadata":{"emulator":{"name":"functions"},"message":"[runtime-status] [1202] Resolved module firebase-functions {\"declared\":true,\"installed\":true,\"version\":\"3.7.0\",\"resolution\":\"/Users/trung/Desktop/fraa/fraa-functions/functions/node_modules/firebase-functions/lib/index.js\"}"}}
[debug] [2020-09-05T12:48:51.062Z] [runtime-status] [1202] firebase-admin has been stubbed. {"adminResolution":{"declared":true,"installed":true,"version":"8.13.0","resolution":"/Users/trung/Desktop/fraa/fraa-functions/functions/node_modules/firebase-admin/lib/index.js"}} {"metadata":{"emulator":{"name":"functions"},"message":"[runtime-status] [1202] firebase-admin has been stubbed. {\"adminResolution\":{\"declared\":true,\"installed\":true,\"version\":\"8.13.0\",\"resolution\":\"/Users/trung/Desktop/fraa/fraa-functions/functions/node_modules/firebase-admin/lib/index.js\"}}"}}
[debug] [2020-09-05T12:48:51.675Z] [runtime-status] [1202] initializeApp(DEFAULT) {"apiKey":"AIzaSyCiqD5h3VRC1uVYmkFV7TQI7KimjYcvim8","authDomain":"fraa-capstone.firebaseapp.com","databaseURL":"https://fraa-capstone.firebaseio.com","projectId":"fraa-capstone","storageBucket":"fraa-capstone.appspot.com","messagingSenderId":"616373361277","appId":"1:616373361277:web:90de633e6f6ec99da6af14"} {"metadata":{"emulator":{"name":"functions"},"message":"[runtime-status] [1202] initializeApp(DEFAULT) {\"apiKey\":\"AIzaSyCiqD5h3VRC1uVYmkFV7TQI7KimjYcvim8\",\"authDomain\":\"fraa-capstone.firebaseapp.com\",\"databaseURL\":\"https://fraa-capstone.firebaseio.com\",\"projectId\":\"fraa-capstone\",\"storageBucket\":\"fraa-capstone.appspot.com\",\"messagingSenderId\":\"616373361277\",\"appId\":\"1:616373361277:web:90de633e6f6ec99da6af14\"}"}}
[warn] ⚠  functions: The Cloud Firestore emulator is not running, so calls to Firestore will affect production. {"metadata":{"emulator":{"name":"functions"},"message":"The Cloud Firestore emulator is not running, so calls to Firestore will affect production."}}
[info] ✔  functions[api]: http function initialized (http://localhost:5001/fraa-capstone/asia-northeast1/api). {"metadata":{"emulator":{"name":"functions"},"message":"\u001b[1mhttp\u001b[22m function initialized (http://localhost:5001/fraa-capstone/asia-northeast1/api)."}}
[info] 
┌───────────────────────────────────────────────────────────────────────┐
│ ✔  All emulators ready! View status and logs at http://localhost:4000 │
└───────────────────────────────────────────────────────────────────────┘

┌───────────┬────────────────┬─────────────────────────────────┐
│ Emulator  │ Host:Port      │ View in Emulator UI             │
├───────────┼────────────────┼─────────────────────────────────┤
│ Functions │ localhost:5001 │ http://localhost:4000/functions │
└───────────┴────────────────┴─────────────────────────────────┘
  Other reserved ports: 4400, 4500

Issues? Report them at https://github.com/firebase/firebase-tools/issues and attach the *-debug.log files.
 
[debug] [2020-09-05T12:48:52.696Z] [worker-~diagnostic~-e0743047-3e94-4f6f-abe8-c8937ffced44]: IDLE {"metadata":{"emulator":{"name":"functions"},"message":"[worker-~diagnostic~-e0743047-3e94-4f6f-abe8-c8937ffced44]: IDLE"}}
[debug] [2020-09-05T12:50:46.305Z] [work-queue] {"queueLength":1,"workRunningCount":0}
[debug] [2020-09-05T12:50:46.305Z] [work-queue] {"queueLength":0,"workRunningCount":1}
[debug] [2020-09-05T12:50:46.306Z] Accepted request POST /fraa-capstone/asia-northeast1/api/get_course_by_code --> api
[debug] [2020-09-05T12:50:46.313Z] [worker-pool] addWorker(api) {"metadata":{"emulator":{"name":"functions"},"message":"[worker-pool] addWorker(api)"}}
[debug] [2020-09-05T12:50:46.314Z] [worker-pool] Adding worker with key api, total=1 {"metadata":{"emulator":{"name":"functions"},"message":"[worker-pool] Adding worker with key api, total=1"}}
[debug] [2020-09-05T12:50:46.314Z] [worker-pool] submitWork(triggerId=api) {"metadata":{"emulator":{"name":"functions"},"message":"[worker-pool] submitWork(triggerId=api)"}}
[debug] [2020-09-05T12:50:46.314Z] [worker-api-fe43372b-83d0-4f38-8723-d89373a5984b]: Assigning socketPath: /var/folders/97/h0v13rsn1jxbg6fq5cbtdgnw0000gp/T/fire_emu_1311.sock {"metadata":{"emulator":{"name":"functions"},"message":"[worker-api-fe43372b-83d0-4f38-8723-d89373a5984b]: Assigning socketPath: /var/folders/97/h0v13rsn1jxbg6fq5cbtdgnw0000gp/T/fire_emu_1311.sock"}}
[debug] [2020-09-05T12:50:46.314Z] [worker-api-fe43372b-83d0-4f38-8723-d89373a5984b]: BUSY {"metadata":{"emulator":{"name":"functions"},"message":"[worker-api-fe43372b-83d0-4f38-8723-d89373a5984b]: BUSY"}}
[debug] [2020-09-05T12:50:46.688Z] [runtime-status] [1311] Functions runtime initialized. {"cwd":"/Users/trung/Desktop/fraa/fraa-functions/functions","node_version":"13.10.1"} {"metadata":{"emulator":{"name":"functions"},"function":{"name":"api"},"message":"[runtime-status] [1311] Functions runtime initialized. {\"cwd\":\"/Users/trung/Desktop/fraa/fraa-functions/functions\",\"node_version\":\"13.10.1\"}"}}
[debug] [2020-09-05T12:50:46.689Z] [runtime-status] [1311] Disabled runtime features: undefined {"metadata":{"emulator":{"name":"functions"},"function":{"name":"api"},"message":"[runtime-status] [1311] Disabled runtime features: undefined"}}
[debug] [2020-09-05T12:50:46.693Z] [runtime-status] [1311] Resolved module firebase-admin {"declared":true,"installed":true,"version":"8.13.0","resolution":"/Users/trung/Desktop/fraa/fraa-functions/functions/node_modules/firebase-admin/lib/index.js"} {"metadata":{"emulator":{"name":"functions"},"function":{"name":"api"},"message":"[runtime-status] [1311] Resolved module firebase-admin {\"declared\":true,\"installed\":true,\"version\":\"8.13.0\",\"resolution\":\"/Users/trung/Desktop/fraa/fraa-functions/functions/node_modules/firebase-admin/lib/index.js\"}"}}
[debug] [2020-09-05T12:50:46.694Z] [runtime-status] [1311] Resolved module firebase-functions {"declared":true,"installed":true,"version":"3.7.0","resolution":"/Users/trung/Desktop/fraa/fraa-functions/functions/node_modules/firebase-functions/lib/index.js"} {"metadata":{"emulator":{"name":"functions"},"function":{"name":"api"},"message":"[runtime-status] [1311] Resolved module firebase-functions {\"declared\":true,\"installed\":true,\"version\":\"3.7.0\",\"resolution\":\"/Users/trung/Desktop/fraa/fraa-functions/functions/node_modules/firebase-functions/lib/index.js\"}"}}
[debug] [2020-09-05T12:50:46.696Z] [runtime-status] [1311] Resolved module firebase-functions {"declared":true,"installed":true,"version":"3.7.0","resolution":"/Users/trung/Desktop/fraa/fraa-functions/functions/node_modules/firebase-functions/lib/index.js"} {"metadata":{"emulator":{"name":"functions"},"function":{"name":"api"},"message":"[runtime-status] [1311] Resolved module firebase-functions {\"declared\":true,\"installed\":true,\"version\":\"3.7.0\",\"resolution\":\"/Users/trung/Desktop/fraa/fraa-functions/functions/node_modules/firebase-functions/lib/index.js\"}"}}
[debug] [2020-09-05T12:50:46.697Z] [runtime-status] [1311] Outgoing network have been stubbed. [{"name":"http","status":"mocked"},{"name":"http","status":"mocked"},{"name":"https","status":"mocked"},{"name":"https","status":"mocked"},{"name":"net","status":"mocked"}] {"metadata":{"emulator":{"name":"functions"},"function":{"name":"api"},"message":"[runtime-status] [1311] Outgoing network have been stubbed. [{\"name\":\"http\",\"status\":\"mocked\"},{\"name\":\"http\",\"status\":\"mocked\"},{\"name\":\"https\",\"status\":\"mocked\"},{\"name\":\"https\",\"status\":\"mocked\"},{\"name\":\"net\",\"status\":\"mocked\"}]"}}
[debug] [2020-09-05T12:50:46.698Z] [runtime-status] [1311] Resolved module firebase-functions {"declared":true,"installed":true,"version":"3.7.0","resolution":"/Users/trung/Desktop/fraa/fraa-functions/functions/node_modules/firebase-functions/lib/index.js"} {"metadata":{"emulator":{"name":"functions"},"function":{"name":"api"},"message":"[runtime-status] [1311] Resolved module firebase-functions {\"declared\":true,\"installed\":true,\"version\":\"3.7.0\",\"resolution\":\"/Users/trung/Desktop/fraa/fraa-functions/functions/node_modules/firebase-functions/lib/index.js\"}"}}
[debug] [2020-09-05T12:50:46.733Z] [runtime-status] [1311] Checked functions.config() {"config":{}} {"metadata":{"emulator":{"name":"functions"},"function":{"name":"api"},"message":"[runtime-status] [1311] Checked functions.config() {\"config\":{}}"}}
[debug] [2020-09-05T12:50:46.733Z] [runtime-status] [1311] firebase-functions has been stubbed. {"functionsResolution":{"declared":true,"installed":true,"version":"3.7.0","resolution":"/Users/trung/Desktop/fraa/fraa-functions/functions/node_modules/firebase-functions/lib/index.js"}} {"metadata":{"emulator":{"name":"functions"},"function":{"name":"api"},"message":"[runtime-status] [1311] firebase-functions has been stubbed. {\"functionsResolution\":{\"declared\":true,\"installed\":true,\"version\":\"3.7.0\",\"resolution\":\"/Users/trung/Desktop/fraa/fraa-functions/functions/node_modules/firebase-functions/lib/index.js\"}}"}}
[debug] [2020-09-05T12:50:46.734Z] [runtime-status] [1311] Resolved module firebase-functions {"declared":true,"installed":true,"version":"3.7.0","resolution":"/Users/trung/Desktop/fraa/fraa-functions/functions/node_modules/firebase-functions/lib/index.js"} {"metadata":{"emulator":{"name":"functions"},"function":{"name":"api"},"message":"[runtime-status] [1311] Resolved module firebase-functions {\"declared\":true,\"installed\":true,\"version\":\"3.7.0\",\"resolution\":\"/Users/trung/Desktop/fraa/fraa-functions/functions/node_modules/firebase-functions/lib/index.js\"}"}}
[debug] [2020-09-05T12:50:46.735Z] [runtime-status] [1311] Resolved module firebase-admin {"declared":true,"installed":true,"version":"8.13.0","resolution":"/Users/trung/Desktop/fraa/fraa-functions/functions/node_modules/firebase-admin/lib/index.js"} {"metadata":{"emulator":{"name":"functions"},"function":{"name":"api"},"message":"[runtime-status] [1311] Resolved module firebase-admin {\"declared\":true,\"installed\":true,\"version\":\"8.13.0\",\"resolution\":\"/Users/trung/Desktop/fraa/fraa-functions/functions/node_modules/firebase-admin/lib/index.js\"}"}}
[debug] [2020-09-05T12:50:46.735Z] [runtime-status] [1311] Resolved module firebase-functions {"declared":true,"installed":true,"version":"3.7.0","resolution":"/Users/trung/Desktop/fraa/fraa-functions/functions/node_modules/firebase-functions/lib/index.js"} {"metadata":{"emulator":{"name":"functions"},"function":{"name":"api"},"message":"[runtime-status] [1311] Resolved module firebase-functions {\"declared\":true,\"installed\":true,\"version\":\"3.7.0\",\"resolution\":\"/Users/trung/Desktop/fraa/fraa-functions/functions/node_modules/firebase-functions/lib/index.js\"}"}}
[debug] [2020-09-05T12:50:46.735Z] [runtime-status] [1311] firebase-admin has been stubbed. {"adminResolution":{"declared":true,"installed":true,"version":"8.13.0","resolution":"/Users/trung/Desktop/fraa/fraa-functions/functions/node_modules/firebase-admin/lib/index.js"}} {"metadata":{"emulator":{"name":"functions"},"function":{"name":"api"},"message":"[runtime-status] [1311] firebase-admin has been stubbed. {\"adminResolution\":{\"declared\":true,\"installed\":true,\"version\":\"8.13.0\",\"resolution\":\"/Users/trung/Desktop/fraa/fraa-functions/functions/node_modules/firebase-admin/lib/index.js\"}}"}}
[debug] [2020-09-05T12:50:47.068Z] [runtime-status] [1311] initializeApp(DEFAULT) {"apiKey":"AIzaSyCiqD5h3VRC1uVYmkFV7TQI7KimjYcvim8","authDomain":"fraa-capstone.firebaseapp.com","databaseURL":"https://fraa-capstone.firebaseio.com","projectId":"fraa-capstone","storageBucket":"fraa-capstone.appspot.com","messagingSenderId":"616373361277","appId":"1:616373361277:web:90de633e6f6ec99da6af14"} {"metadata":{"emulator":{"name":"functions"},"function":{"name":"api"},"message":"[runtime-status] [1311] initializeApp(DEFAULT) {\"apiKey\":\"AIzaSyCiqD5h3VRC1uVYmkFV7TQI7KimjYcvim8\",\"authDomain\":\"fraa-capstone.firebaseapp.com\",\"databaseURL\":\"https://fraa-capstone.firebaseio.com\",\"projectId\":\"fraa-capstone\",\"storageBucket\":\"fraa-capstone.appspot.com\",\"messagingSenderId\":\"616373361277\",\"appId\":\"1:616373361277:web:90de633e6f6ec99da6af14\"}"}}
[warn] ⚠  functions: The Cloud Firestore emulator is not running, so calls to Firestore will affect production. {"metadata":{"emulator":{"name":"functions"},"function":{"name":"api"},"message":"The Cloud Firestore emulator is not running, so calls to Firestore will affect production."}}
[debug] [2020-09-05T12:50:47.445Z] [runtime-status] [1311] Trigger "api" has been found, beginning invocation! {"metadata":{"emulator":{"name":"functions"},"function":{"name":"api"},"message":"[runtime-status] [1311] Trigger \"api\" has been found, beginning invocation!"}}
[info] i  functions: Beginning execution of "api" {"metadata":{"emulator":{"name":"functions"},"function":{"name":"api"},"message":"Beginning execution of \"api\""}}
[debug] [2020-09-05T12:50:47.445Z] [runtime-status] [1311] triggerDefinition {"regions":["asia-northeast1"],"httpsTrigger":{},"name":"api","entryPoint":"api"} {"metadata":{"emulator":{"name":"functions"},"function":{"name":"api"},"message":"[runtime-status] [1311] triggerDefinition {\"regions\":[\"asia-northeast1\"],\"httpsTrigger\":{},\"name\":\"api\",\"entryPoint\":\"api\"}"}}
[debug] [2020-09-05T12:50:47.445Z] [runtime-status] [1311] Running api in mode HTTPS {"metadata":{"emulator":{"name":"functions"},"function":{"name":"api"},"message":"[runtime-status] [1311] Running api in mode HTTPS"}}
[debug] [2020-09-05T12:50:47.449Z] [runtime-status] [1311] Attempting to listen to socketPath: /var/folders/97/h0v13rsn1jxbg6fq5cbtdgnw0000gp/T/fire_emu_1311.sock {"metadata":{"emulator":{"name":"functions"},"function":{"name":"api"},"message":"[runtime-status] [1311] Attempting to listen to socketPath: /var/folders/97/h0v13rsn1jxbg6fq5cbtdgnw0000gp/T/fire_emu_1311.sock"}}
[debug] [2020-09-05T12:50:47.452Z] [functions] Runtime ready! Sending request! {"metadata":{"emulator":{"name":"functions"},"message":"[functions] Runtime ready! Sending request!"}}
[debug] [2020-09-05T12:50:47.484Z] [runtime-status] [1311] Ephemeral server handling POST request {"metadata":{"emulator":{"name":"functions"},"function":{"name":"api"},"message":"[runtime-status] [1311] Ephemeral server handling POST request"}}
[debug] [2020-09-05T12:50:47.489Z] [runtime-status] [1311] Ephemeral server survived. {"metadata":{"emulator":{"name":"functions"},"function":{"name":"api"},"message":"[runtime-status] [1311] Ephemeral server survived."}}
[warn] ⚠  Google API requested!
   - URL: "https://oauth2.googleapis.com/token"
   - Be careful, this may be a production service. {"metadata":{"emulator":{"name":"functions"},"function":{"name":"api"},"message":"Google API requested!\n   - URL: \"https://oauth2.googleapis.com/token\"\n   - Be careful, this may be a production service."}}
[info] i  functions: Finished "api" in ~1s {"metadata":{"emulator":{"name":"functions"},"function":{"name":"api"},"message":"Finished \"api\" in ~1s"}}
[debug] [2020-09-05T12:50:48.382Z] [worker-api-fe43372b-83d0-4f38-8723-d89373a5984b]: IDLE {"metadata":{"emulator":{"name":"functions"},"message":"[worker-api-fe43372b-83d0-4f38-8723-d89373a5984b]: IDLE"}}
[debug] [2020-09-05T12:50:48.383Z] [work-queue] {"queueLength":0,"workRunningCount":0}
[debug] [2020-09-05T12:52:45.822Z] [work-queue] {"queueLength":1,"workRunningCount":0}
[debug] [2020-09-05T12:52:45.822Z] [work-queue] {"queueLength":0,"workRunningCount":1}
[debug] [2020-09-05T12:52:45.822Z] Accepted request POST /fraa-capstone/asia-northeast1/api/get_course_by_code --> api
[debug] [2020-09-05T12:52:45.822Z] [worker-pool] submitWork(triggerId=api) {"metadata":{"emulator":{"name":"functions"},"message":"[worker-pool] submitWork(triggerId=api)"}}
[debug] [2020-09-05T12:52:45.822Z] [worker-api-fe43372b-83d0-4f38-8723-d89373a5984b]: Assigning socketPath: /var/folders/97/h0v13rsn1jxbg6fq5cbtdgnw0000gp/T/fire_emu_1311.sock {"metadata":{"emulator":{"name":"functions"},"message":"[worker-api-fe43372b-83d0-4f38-8723-d89373a5984b]: Assigning socketPath: /var/folders/97/h0v13rsn1jxbg6fq5cbtdgnw0000gp/T/fire_emu_1311.sock"}}
[debug] [2020-09-05T12:52:45.823Z] [worker-api-fe43372b-83d0-4f38-8723-d89373a5984b]: BUSY {"metadata":{"emulator":{"name":"functions"},"message":"[worker-api-fe43372b-83d0-4f38-8723-d89373a5984b]: BUSY"}}
[debug] [2020-09-05T12:52:45.824Z] [runtime-status] [1311] Trigger "api" has been found, beginning invocation! {"metadata":{"emulator":{"name":"functions"},"function":{"name":"api"},"message":"[runtime-status] [1311] Trigger \"api\" has been found, beginning invocation!"}}
[info] i  functions: Beginning execution of "api" {"metadata":{"emulator":{"name":"functions"},"function":{"name":"api"},"message":"Beginning execution of \"api\""}}
[debug] [2020-09-05T12:52:45.824Z] [runtime-status] [1311] triggerDefinition {"regions":["asia-northeast1"],"httpsTrigger":{},"name":"api","entryPoint":"api"} {"metadata":{"emulator":{"name":"functions"},"function":{"name":"api"},"message":"[runtime-status] [1311] triggerDefinition {\"regions\":[\"asia-northeast1\"],\"httpsTrigger\":{},\"name\":\"api\",\"entryPoint\":\"api\"}"}}
[debug] [2020-09-05T12:52:45.824Z] [runtime-status] [1311] Running api in mode HTTPS {"metadata":{"emulator":{"name":"functions"},"function":{"name":"api"},"message":"[runtime-status] [1311] Running api in mode HTTPS"}}
[debug] [2020-09-05T12:52:45.825Z] [runtime-status] [1311] Attempting to listen to socketPath: /var/folders/97/h0v13rsn1jxbg6fq5cbtdgnw0000gp/T/fire_emu_1311.sock {"metadata":{"emulator":{"name":"functions"},"function":{"name":"api"},"message":"[runtime-status] [1311] Attempting to listen to socketPath: /var/folders/97/h0v13rsn1jxbg6fq5cbtdgnw0000gp/T/fire_emu_1311.sock"}}
[debug] [2020-09-05T12:52:45.827Z] [functions] Runtime ready! Sending request! {"metadata":{"emulator":{"name":"functions"},"message":"[functions] Runtime ready! Sending request!"}}
[debug] [2020-09-05T12:52:45.833Z] [runtime-status] [1311] Ephemeral server handling POST request {"metadata":{"emulator":{"name":"functions"},"function":{"name":"api"},"message":"[runtime-status] [1311] Ephemeral server handling POST request"}}
[debug] [2020-09-05T12:52:45.836Z] [runtime-status] [1311] Ephemeral server survived. {"metadata":{"emulator":{"name":"functions"},"function":{"name":"api"},"message":"[runtime-status] [1311] Ephemeral server survived."}}
[info] i  functions: Finished "api" in ~1s {"metadata":{"emulator":{"name":"functions"},"function":{"name":"api"},"message":"Finished \"api\" in ~1s"}}
[debug] [2020-09-05T12:52:46.269Z] [worker-api-fe43372b-83d0-4f38-8723-d89373a5984b]: IDLE {"metadata":{"emulator":{"name":"functions"},"message":"[worker-api-fe43372b-83d0-4f38-8723-d89373a5984b]: IDLE"}}
[debug] [2020-09-05T12:52:46.269Z] [work-queue] {"queueLength":0,"workRunningCount":0}
[debug] [2020-09-05T12:53:43.193Z] File /Users/trung/Desktop/fraa/fraa-functions/functions/handlers/courses/https/index.js changed, reloading triggers {"metadata":{"emulator":{"name":"functions"},"message":"File /Users/trung/Desktop/fraa/fraa-functions/functions/handlers/courses/https/index.js changed, reloading triggers"}}
[debug] [2020-09-05T12:53:44.193Z] [worker-pool] Shutting down IDLE worker (~diagnostic~) {"metadata":{"emulator":{"name":"functions"},"message":"[worker-pool] Shutting down IDLE worker (~diagnostic~)"}}
[debug] [2020-09-05T12:53:44.193Z] [worker-~diagnostic~-e0743047-3e94-4f6f-abe8-c8937ffced44]: FINISHING {"metadata":{"emulator":{"name":"functions"},"message":"[worker-~diagnostic~-e0743047-3e94-4f6f-abe8-c8937ffced44]: FINISHING"}}
[debug] [2020-09-05T12:53:44.193Z] [worker-pool] Shutting down IDLE worker (api) {"metadata":{"emulator":{"name":"functions"},"message":"[worker-pool] Shutting down IDLE worker (api)"}}
[debug] [2020-09-05T12:53:44.194Z] [worker-api-fe43372b-83d0-4f38-8723-d89373a5984b]: FINISHING {"metadata":{"emulator":{"name":"functions"},"message":"[worker-api-fe43372b-83d0-4f38-8723-d89373a5984b]: FINISHING"}}
[debug] [2020-09-05T12:53:44.203Z] [worker-pool] addWorker(~diagnostic~) {"metadata":{"emulator":{"name":"functions"},"message":"[worker-pool] addWorker(~diagnostic~)"}}
[debug] [2020-09-05T12:53:44.204Z] [worker-pool] Adding worker with key ~diagnostic~, total=2 {"metadata":{"emulator":{"name":"functions"},"message":"[worker-pool] Adding worker with key ~diagnostic~, total=2"}}
[debug] [2020-09-05T12:53:44.204Z] [worker-pool] submitWork(triggerId=) {"metadata":{"emulator":{"name":"functions"},"message":"[worker-pool] submitWork(triggerId=)"}}
[debug] [2020-09-05T12:53:44.204Z] [worker-~diagnostic~-f7d4f203-5de6-4e60-a733-a428ba52cb67]: Assigning socketPath: /var/folders/97/h0v13rsn1jxbg6fq5cbtdgnw0000gp/T/fire_emu_1469.sock {"metadata":{"emulator":{"name":"functions"},"message":"[worker-~diagnostic~-f7d4f203-5de6-4e60-a733-a428ba52cb67]: Assigning socketPath: /var/folders/97/h0v13rsn1jxbg6fq5cbtdgnw0000gp/T/fire_emu_1469.sock"}}
[debug] [2020-09-05T12:53:44.204Z] [worker-~diagnostic~-f7d4f203-5de6-4e60-a733-a428ba52cb67]: BUSY {"metadata":{"emulator":{"name":"functions"},"message":"[worker-~diagnostic~-f7d4f203-5de6-4e60-a733-a428ba52cb67]: BUSY"}}
[debug] [2020-09-05T12:53:44.206Z] [worker-~diagnostic~-e0743047-3e94-4f6f-abe8-c8937ffced44]: exited {"metadata":{"emulator":{"name":"functions"},"message":"[worker-~diagnostic~-e0743047-3e94-4f6f-abe8-c8937ffced44]: exited"}}
[debug] [2020-09-05T12:53:44.206Z] [worker-~diagnostic~-e0743047-3e94-4f6f-abe8-c8937ffced44]: FINISHED {"metadata":{"emulator":{"name":"functions"},"message":"[worker-~diagnostic~-e0743047-3e94-4f6f-abe8-c8937ffced44]: FINISHED"}}
[debug] [2020-09-05T12:53:44.206Z] [worker-api-fe43372b-83d0-4f38-8723-d89373a5984b]: exited {"metadata":{"emulator":{"name":"functions"},"message":"[worker-api-fe43372b-83d0-4f38-8723-d89373a5984b]: exited"}}
[debug] [2020-09-05T12:53:44.206Z] [worker-api-fe43372b-83d0-4f38-8723-d89373a5984b]: FINISHED {"metadata":{"emulator":{"name":"functions"},"message":"[worker-api-fe43372b-83d0-4f38-8723-d89373a5984b]: FINISHED"}}
[debug] [2020-09-05T12:53:44.551Z] [runtime-status] [1469] Functions runtime initialized. {"cwd":"/Users/trung/Desktop/fraa/fraa-functions/functions","node_version":"13.10.1"} {"metadata":{"emulator":{"name":"functions"},"message":"[runtime-status] [1469] Functions runtime initialized. {\"cwd\":\"/Users/trung/Desktop/fraa/fraa-functions/functions\",\"node_version\":\"13.10.1\"}"}}
[debug] [2020-09-05T12:53:44.552Z] [runtime-status] [1469] Disabled runtime features: undefined {"metadata":{"emulator":{"name":"functions"},"message":"[runtime-status] [1469] Disabled runtime features: undefined"}}
[debug] [2020-09-05T12:53:44.554Z] [runtime-status] [1469] Resolved module firebase-admin {"declared":true,"installed":true,"version":"8.13.0","resolution":"/Users/trung/Desktop/fraa/fraa-functions/functions/node_modules/firebase-admin/lib/index.js"} {"metadata":{"emulator":{"name":"functions"},"message":"[runtime-status] [1469] Resolved module firebase-admin {\"declared\":true,\"installed\":true,\"version\":\"8.13.0\",\"resolution\":\"/Users/trung/Desktop/fraa/fraa-functions/functions/node_modules/firebase-admin/lib/index.js\"}"}}
[debug] [2020-09-05T12:53:44.555Z] [runtime-status] [1469] Resolved module firebase-functions {"declared":true,"installed":true,"version":"3.7.0","resolution":"/Users/trung/Desktop/fraa/fraa-functions/functions/node_modules/firebase-functions/lib/index.js"} {"metadata":{"emulator":{"name":"functions"},"message":"[runtime-status] [1469] Resolved module firebase-functions {\"declared\":true,\"installed\":true,\"version\":\"3.7.0\",\"resolution\":\"/Users/trung/Desktop/fraa/fraa-functions/functions/node_modules/firebase-functions/lib/index.js\"}"}}
[debug] [2020-09-05T12:53:44.557Z] [runtime-status] [1469] Resolved module firebase-functions {"declared":true,"installed":true,"version":"3.7.0","resolution":"/Users/trung/Desktop/fraa/fraa-functions/functions/node_modules/firebase-functions/lib/index.js"} {"metadata":{"emulator":{"name":"functions"},"message":"[runtime-status] [1469] Resolved module firebase-functions {\"declared\":true,\"installed\":true,\"version\":\"3.7.0\",\"resolution\":\"/Users/trung/Desktop/fraa/fraa-functions/functions/node_modules/firebase-functions/lib/index.js\"}"}}
[debug] [2020-09-05T12:53:44.558Z] [runtime-status] [1469] Outgoing network have been stubbed. [{"name":"http","status":"mocked"},{"name":"http","status":"mocked"},{"name":"https","status":"mocked"},{"name":"https","status":"mocked"},{"name":"net","status":"mocked"}] {"metadata":{"emulator":{"name":"functions"},"message":"[runtime-status] [1469] Outgoing network have been stubbed. [{\"name\":\"http\",\"status\":\"mocked\"},{\"name\":\"http\",\"status\":\"mocked\"},{\"name\":\"https\",\"status\":\"mocked\"},{\"name\":\"https\",\"status\":\"mocked\"},{\"name\":\"net\",\"status\":\"mocked\"}]"}}
[debug] [2020-09-05T12:53:44.559Z] [runtime-status] [1469] Resolved module firebase-functions {"declared":true,"installed":true,"version":"3.7.0","resolution":"/Users/trung/Desktop/fraa/fraa-functions/functions/node_modules/firebase-functions/lib/index.js"} {"metadata":{"emulator":{"name":"functions"},"message":"[runtime-status] [1469] Resolved module firebase-functions {\"declared\":true,\"installed\":true,\"version\":\"3.7.0\",\"resolution\":\"/Users/trung/Desktop/fraa/fraa-functions/functions/node_modules/firebase-functions/lib/index.js\"}"}}
[debug] [2020-09-05T12:53:44.590Z] [runtime-status] [1469] Checked functions.config() {"config":{}} {"metadata":{"emulator":{"name":"functions"},"message":"[runtime-status] [1469] Checked functions.config() {\"config\":{}}"}}
[debug] [2020-09-05T12:53:44.590Z] [runtime-status] [1469] firebase-functions has been stubbed. {"functionsResolution":{"declared":true,"installed":true,"version":"3.7.0","resolution":"/Users/trung/Desktop/fraa/fraa-functions/functions/node_modules/firebase-functions/lib/index.js"}} {"metadata":{"emulator":{"name":"functions"},"message":"[runtime-status] [1469] firebase-functions has been stubbed. {\"functionsResolution\":{\"declared\":true,\"installed\":true,\"version\":\"3.7.0\",\"resolution\":\"/Users/trung/Desktop/fraa/fraa-functions/functions/node_modules/firebase-functions/lib/index.js\"}}"}}
[debug] [2020-09-05T12:53:44.591Z] [runtime-status] [1469] Resolved module firebase-functions {"declared":true,"installed":true,"version":"3.7.0","resolution":"/Users/trung/Desktop/fraa/fraa-functions/functions/node_modules/firebase-functions/lib/index.js"} {"metadata":{"emulator":{"name":"functions"},"message":"[runtime-status] [1469] Resolved module firebase-functions {\"declared\":true,\"installed\":true,\"version\":\"3.7.0\",\"resolution\":\"/Users/trung/Desktop/fraa/fraa-functions/functions/node_modules/firebase-functions/lib/index.js\"}"}}
[debug] [2020-09-05T12:53:44.592Z] [runtime-status] [1469] Resolved module firebase-admin {"declared":true,"installed":true,"version":"8.13.0","resolution":"/Users/trung/Desktop/fraa/fraa-functions/functions/node_modules/firebase-admin/lib/index.js"} {"metadata":{"emulator":{"name":"functions"},"message":"[runtime-status] [1469] Resolved module firebase-admin {\"declared\":true,\"installed\":true,\"version\":\"8.13.0\",\"resolution\":\"/Users/trung/Desktop/fraa/fraa-functions/functions/node_modules/firebase-admin/lib/index.js\"}"}}
[debug] [2020-09-05T12:53:44.593Z] [runtime-status] [1469] Resolved module firebase-functions {"declared":true,"installed":true,"version":"3.7.0","resolution":"/Users/trung/Desktop/fraa/fraa-functions/functions/node_modules/firebase-functions/lib/index.js"} {"metadata":{"emulator":{"name":"functions"},"message":"[runtime-status] [1469] Resolved module firebase-functions {\"declared\":true,\"installed\":true,\"version\":\"3.7.0\",\"resolution\":\"/Users/trung/Desktop/fraa/fraa-functions/functions/node_modules/firebase-functions/lib/index.js\"}"}}
[debug] [2020-09-05T12:53:44.593Z] [runtime-status] [1469] firebase-admin has been stubbed. {"adminResolution":{"declared":true,"installed":true,"version":"8.13.0","resolution":"/Users/trung/Desktop/fraa/fraa-functions/functions/node_modules/firebase-admin/lib/index.js"}} {"metadata":{"emulator":{"name":"functions"},"message":"[runtime-status] [1469] firebase-admin has been stubbed. {\"adminResolution\":{\"declared\":true,\"installed\":true,\"version\":\"8.13.0\",\"resolution\":\"/Users/trung/Desktop/fraa/fraa-functions/functions/node_modules/firebase-admin/lib/index.js\"}}"}}
[debug] [2020-09-05T12:53:44.817Z] [runtime-status] [1469] initializeApp(DEFAULT) {"apiKey":"AIzaSyCiqD5h3VRC1uVYmkFV7TQI7KimjYcvim8","authDomain":"fraa-capstone.firebaseapp.com","databaseURL":"https://fraa-capstone.firebaseio.com","projectId":"fraa-capstone","storageBucket":"fraa-capstone.appspot.com","messagingSenderId":"616373361277","appId":"1:616373361277:web:90de633e6f6ec99da6af14"} {"metadata":{"emulator":{"name":"functions"},"message":"[runtime-status] [1469] initializeApp(DEFAULT) {\"apiKey\":\"AIzaSyCiqD5h3VRC1uVYmkFV7TQI7KimjYcvim8\",\"authDomain\":\"fraa-capstone.firebaseapp.com\",\"databaseURL\":\"https://fraa-capstone.firebaseio.com\",\"projectId\":\"fraa-capstone\",\"storageBucket\":\"fraa-capstone.appspot.com\",\"messagingSenderId\":\"616373361277\",\"appId\":\"1:616373361277:web:90de633e6f6ec99da6af14\"}"}}
[warn] ⚠  functions: The Cloud Firestore emulator is not running, so calls to Firestore will affect production. {"metadata":{"emulator":{"name":"functions"},"message":"The Cloud Firestore emulator is not running, so calls to Firestore will affect production."}}
[warn] ⚠  /Users/trung/Desktop/fraa/fraa-functions/functions/handlers/courses/https/index.js:78
    const {}
          ^^

SyntaxError: Missing initializer in destructuring declaration
    at wrapSafe (internal/modules/cjs/loader.js:1063:16)
    at Module._compile (internal/modules/cjs/loader.js:1111:27)
    at Object.Module._extensions..js (internal/modules/cjs/loader.js:1167:10)
    at Module.load (internal/modules/cjs/loader.js:996:32)
    at Function.Module._load (internal/modules/cjs/loader.js:896:14)
    at Module.require (internal/modules/cjs/loader.js:1036:19)
    at require (internal/modules/cjs/helpers.js:72:18)
    at Object.<anonymous> (/Users/trung/Desktop/fraa/fraa-functions/functions/index.js:30:5)
    at Module._compile (internal/modules/cjs/loader.js:1147:30)
    at Object.Module._extensions..js (internal/modules/cjs/loader.js:1167:10) {"metadata":{"emulator":{"name":"functions"},"message":"/Users/trung/Desktop/fraa/fraa-functions/functions/handlers/courses/https/index.js:78\n    const {}\n          ^^\n\nSyntaxError: Missing initializer in destructuring declaration\n    at wrapSafe (internal/modules/cjs/loader.js:1063:16)\n    at Module._compile (internal/modules/cjs/loader.js:1111:27)\n    at Object.Module._extensions..js (internal/modules/cjs/loader.js:1167:10)\n    at Module.load (internal/modules/cjs/loader.js:996:32)\n    at Function.Module._load (internal/modules/cjs/loader.js:896:14)\n    at Module.require (internal/modules/cjs/loader.js:1036:19)\n    at require (internal/modules/cjs/helpers.js:72:18)\n    at Object.<anonymous> (/Users/trung/Desktop/fraa/fraa-functions/functions/index.js:30:5)\n    at Module._compile (internal/modules/cjs/loader.js:1147:30)\n    at Object.Module._extensions..js (internal/modules/cjs/loader.js:1167:10)"}}
[warn] ⚠  We were unable to load your functions code. (see above) {"metadata":{"emulator":{"name":"functions"}}}
[debug] [2020-09-05T12:53:45.155Z] [worker-~diagnostic~-f7d4f203-5de6-4e60-a733-a428ba52cb67]: exited {"metadata":{"emulator":{"name":"functions"},"message":"[worker-~diagnostic~-f7d4f203-5de6-4e60-a733-a428ba52cb67]: exited"}}
[debug] [2020-09-05T12:53:45.155Z] [worker-~diagnostic~-f7d4f203-5de6-4e60-a733-a428ba52cb67]: FINISHED {"metadata":{"emulator":{"name":"functions"},"message":"[worker-~diagnostic~-f7d4f203-5de6-4e60-a733-a428ba52cb67]: FINISHED"}}
[debug] [2020-09-05T12:54:16.608Z] File /Users/trung/Desktop/fraa/fraa-functions/functions/handlers/courses/https/index.js changed, reloading triggers {"metadata":{"emulator":{"name":"functions"},"message":"File /Users/trung/Desktop/fraa/fraa-functions/functions/handlers/courses/https/index.js changed, reloading triggers"}}
[debug] [2020-09-05T12:54:17.608Z] [worker-pool] Cleaned up workers for ~diagnostic~: 2 --> 0 {"metadata":{"emulator":{"name":"functions"},"message":"[worker-pool] Cleaned up workers for ~diagnostic~: 2 --> 0"}}
[debug] [2020-09-05T12:54:17.609Z] [worker-pool] Cleaned up workers for api: 1 --> 0 {"metadata":{"emulator":{"name":"functions"},"message":"[worker-pool] Cleaned up workers for api: 1 --> 0"}}
[debug] [2020-09-05T12:54:17.612Z] [worker-pool] addWorker(~diagnostic~) {"metadata":{"emulator":{"name":"functions"},"message":"[worker-pool] addWorker(~diagnostic~)"}}
[debug] [2020-09-05T12:54:17.613Z] [worker-pool] Adding worker with key ~diagnostic~, total=1 {"metadata":{"emulator":{"name":"functions"},"message":"[worker-pool] Adding worker with key ~diagnostic~, total=1"}}
[debug] [2020-09-05T12:54:17.613Z] [worker-pool] submitWork(triggerId=) {"metadata":{"emulator":{"name":"functions"},"message":"[worker-pool] submitWork(triggerId=)"}}
[debug] [2020-09-05T12:54:17.613Z] [worker-~diagnostic~-ec4eb656-6da7-47c5-81bd-4df3ceb85ade]: Assigning socketPath: /var/folders/97/h0v13rsn1jxbg6fq5cbtdgnw0000gp/T/fire_emu_1474.sock {"metadata":{"emulator":{"name":"functions"},"message":"[worker-~diagnostic~-ec4eb656-6da7-47c5-81bd-4df3ceb85ade]: Assigning socketPath: /var/folders/97/h0v13rsn1jxbg6fq5cbtdgnw0000gp/T/fire_emu_1474.sock"}}
[debug] [2020-09-05T12:54:17.613Z] [worker-~diagnostic~-ec4eb656-6da7-47c5-81bd-4df3ceb85ade]: BUSY {"metadata":{"emulator":{"name":"functions"},"message":"[worker-~diagnostic~-ec4eb656-6da7-47c5-81bd-4df3ceb85ade]: BUSY"}}
[debug] [2020-09-05T12:54:17.974Z] [work-queue] {"queueLength":1,"workRunningCount":0}
[debug] [2020-09-05T12:54:17.974Z] [work-queue] {"queueLength":0,"workRunningCount":1}
[debug] [2020-09-05T12:54:17.974Z] Accepted request POST /fraa-capstone/asia-northeast1/api/get_course_by_code --> api
[debug] [2020-09-05T12:54:17.980Z] [worker-pool] addWorker(api) {"metadata":{"emulator":{"name":"functions"},"message":"[worker-pool] addWorker(api)"}}
[debug] [2020-09-05T12:54:17.980Z] [worker-pool] Adding worker with key api, total=1 {"metadata":{"emulator":{"name":"functions"},"message":"[worker-pool] Adding worker with key api, total=1"}}
[debug] [2020-09-05T12:54:17.980Z] [worker-pool] submitWork(triggerId=api) {"metadata":{"emulator":{"name":"functions"},"message":"[worker-pool] submitWork(triggerId=api)"}}
[debug] [2020-09-05T12:54:17.980Z] [worker-api-9b1fa737-7a00-483c-b382-762100013f9a]: Assigning socketPath: /var/folders/97/h0v13rsn1jxbg6fq5cbtdgnw0000gp/T/fire_emu_1475.sock {"metadata":{"emulator":{"name":"functions"},"message":"[worker-api-9b1fa737-7a00-483c-b382-762100013f9a]: Assigning socketPath: /var/folders/97/h0v13rsn1jxbg6fq5cbtdgnw0000gp/T/fire_emu_1475.sock"}}
[debug] [2020-09-05T12:54:17.981Z] [worker-api-9b1fa737-7a00-483c-b382-762100013f9a]: BUSY {"metadata":{"emulator":{"name":"functions"},"message":"[worker-api-9b1fa737-7a00-483c-b382-762100013f9a]: BUSY"}}
[debug] [2020-09-05T12:54:18.362Z] [runtime-status] [1474] Functions runtime initialized. {"cwd":"/Users/trung/Desktop/fraa/fraa-functions/functions","node_version":"13.10.1"} {"metadata":{"emulator":{"name":"functions"},"message":"[runtime-status] [1474] Functions runtime initialized. {\"cwd\":\"/Users/trung/Desktop/fraa/fraa-functions/functions\",\"node_version\":\"13.10.1\"}"}}
[debug] [2020-09-05T12:54:18.364Z] [runtime-status] [1474] Disabled runtime features: undefined {"metadata":{"emulator":{"name":"functions"},"message":"[runtime-status] [1474] Disabled runtime features: undefined"}}
[debug] [2020-09-05T12:54:18.366Z] [runtime-status] [1474] Resolved module firebase-admin {"declared":true,"installed":true,"version":"8.13.0","resolution":"/Users/trung/Desktop/fraa/fraa-functions/functions/node_modules/firebase-admin/lib/index.js"} {"metadata":{"emulator":{"name":"functions"},"message":"[runtime-status] [1474] Resolved module firebase-admin {\"declared\":true,\"installed\":true,\"version\":\"8.13.0\",\"resolution\":\"/Users/trung/Desktop/fraa/fraa-functions/functions/node_modules/firebase-admin/lib/index.js\"}"}}
[debug] [2020-09-05T12:54:18.368Z] [runtime-status] [1474] Resolved module firebase-functions {"declared":true,"installed":true,"version":"3.7.0","resolution":"/Users/trung/Desktop/fraa/fraa-functions/functions/node_modules/firebase-functions/lib/index.js"} {"metadata":{"emulator":{"name":"functions"},"message":"[runtime-status] [1474] Resolved module firebase-functions {\"declared\":true,\"installed\":true,\"version\":\"3.7.0\",\"resolution\":\"/Users/trung/Desktop/fraa/fraa-functions/functions/node_modules/firebase-functions/lib/index.js\"}"}}
[debug] [2020-09-05T12:54:18.369Z] [runtime-status] [1474] Resolved module firebase-functions {"declared":true,"installed":true,"version":"3.7.0","resolution":"/Users/trung/Desktop/fraa/fraa-functions/functions/node_modules/firebase-functions/lib/index.js"} {"metadata":{"emulator":{"name":"functions"},"message":"[runtime-status] [1474] Resolved module firebase-functions {\"declared\":true,\"installed\":true,\"version\":\"3.7.0\",\"resolution\":\"/Users/trung/Desktop/fraa/fraa-functions/functions/node_modules/firebase-functions/lib/index.js\"}"}}
[debug] [2020-09-05T12:54:18.370Z] [runtime-status] [1474] Outgoing network have been stubbed. [{"name":"http","status":"mocked"},{"name":"http","status":"mocked"},{"name":"https","status":"mocked"},{"name":"https","status":"mocked"},{"name":"net","status":"mocked"}] {"metadata":{"emulator":{"name":"functions"},"message":"[runtime-status] [1474] Outgoing network have been stubbed. [{\"name\":\"http\",\"status\":\"mocked\"},{\"name\":\"http\",\"status\":\"mocked\"},{\"name\":\"https\",\"status\":\"mocked\"},{\"name\":\"https\",\"status\":\"mocked\"},{\"name\":\"net\",\"status\":\"mocked\"}]"}}
[debug] [2020-09-05T12:54:18.371Z] [runtime-status] [1474] Resolved module firebase-functions {"declared":true,"installed":true,"version":"3.7.0","resolution":"/Users/trung/Desktop/fraa/fraa-functions/functions/node_modules/firebase-functions/lib/index.js"} {"metadata":{"emulator":{"name":"functions"},"message":"[runtime-status] [1474] Resolved module firebase-functions {\"declared\":true,\"installed\":true,\"version\":\"3.7.0\",\"resolution\":\"/Users/trung/Desktop/fraa/fraa-functions/functions/node_modules/firebase-functions/lib/index.js\"}"}}
[debug] [2020-09-05T12:54:18.417Z] [runtime-status] [1474] Checked functions.config() {"config":{}} {"metadata":{"emulator":{"name":"functions"},"message":"[runtime-status] [1474] Checked functions.config() {\"config\":{}}"}}
[debug] [2020-09-05T12:54:18.417Z] [runtime-status] [1474] firebase-functions has been stubbed. {"functionsResolution":{"declared":true,"installed":true,"version":"3.7.0","resolution":"/Users/trung/Desktop/fraa/fraa-functions/functions/node_modules/firebase-functions/lib/index.js"}} {"metadata":{"emulator":{"name":"functions"},"message":"[runtime-status] [1474] firebase-functions has been stubbed. {\"functionsResolution\":{\"declared\":true,\"installed\":true,\"version\":\"3.7.0\",\"resolution\":\"/Users/trung/Desktop/fraa/fraa-functions/functions/node_modules/firebase-functions/lib/index.js\"}}"}}
[debug] [2020-09-05T12:54:18.418Z] [runtime-status] [1474] Resolved module firebase-functions {"declared":true,"installed":true,"version":"3.7.0","resolution":"/Users/trung/Desktop/fraa/fraa-functions/functions/node_modules/firebase-functions/lib/index.js"} {"metadata":{"emulator":{"name":"functions"},"message":"[runtime-status] [1474] Resolved module firebase-functions {\"declared\":true,\"installed\":true,\"version\":\"3.7.0\",\"resolution\":\"/Users/trung/Desktop/fraa/fraa-functions/functions/node_modules/firebase-functions/lib/index.js\"}"}}
[debug] [2020-09-05T12:54:18.418Z] [runtime-status] [1474] Resolved module firebase-admin {"declared":true,"installed":true,"version":"8.13.0","resolution":"/Users/trung/Desktop/fraa/fraa-functions/functions/node_modules/firebase-admin/lib/index.js"} {"metadata":{"emulator":{"name":"functions"},"message":"[runtime-status] [1474] Resolved module firebase-admin {\"declared\":true,\"installed\":true,\"version\":\"8.13.0\",\"resolution\":\"/Users/trung/Desktop/fraa/fraa-functions/functions/node_modules/firebase-admin/lib/index.js\"}"}}
[debug] [2020-09-05T12:54:18.420Z] [runtime-status] [1474] Resolved module firebase-functions {"declared":true,"installed":true,"version":"3.7.0","resolution":"/Users/trung/Desktop/fraa/fraa-functions/functions/node_modules/firebase-functions/lib/index.js"} {"metadata":{"emulator":{"name":"functions"},"message":"[runtime-status] [1474] Resolved module firebase-functions {\"declared\":true,\"installed\":true,\"version\":\"3.7.0\",\"resolution\":\"/Users/trung/Desktop/fraa/fraa-functions/functions/node_modules/firebase-functions/lib/index.js\"}"}}
[debug] [2020-09-05T12:54:18.420Z] [runtime-status] [1474] firebase-admin has been stubbed. {"adminResolution":{"declared":true,"installed":true,"version":"8.13.0","resolution":"/Users/trung/Desktop/fraa/fraa-functions/functions/node_modules/firebase-admin/lib/index.js"}} {"metadata":{"emulator":{"name":"functions"},"message":"[runtime-status] [1474] firebase-admin has been stubbed. {\"adminResolution\":{\"declared\":true,\"installed\":true,\"version\":\"8.13.0\",\"resolution\":\"/Users/trung/Desktop/fraa/fraa-functions/functions/node_modules/firebase-admin/lib/index.js\"}}"}}
[debug] [2020-09-05T12:54:18.438Z] [runtime-status] [1475] Functions runtime initialized. {"cwd":"/Users/trung/Desktop/fraa/fraa-functions/functions","node_version":"13.10.1"} {"metadata":{"emulator":{"name":"functions"},"function":{"name":"api"},"message":"[runtime-status] [1475] Functions runtime initialized. {\"cwd\":\"/Users/trung/Desktop/fraa/fraa-functions/functions\",\"node_version\":\"13.10.1\"}"}}
[debug] [2020-09-05T12:54:18.439Z] [runtime-status] [1475] Disabled runtime features: undefined {"metadata":{"emulator":{"name":"functions"},"function":{"name":"api"},"message":"[runtime-status] [1475] Disabled runtime features: undefined"}}
[debug] [2020-09-05T12:54:18.441Z] [runtime-status] [1475] Resolved module firebase-admin {"declared":true,"installed":true,"version":"8.13.0","resolution":"/Users/trung/Desktop/fraa/fraa-functions/functions/node_modules/firebase-admin/lib/index.js"} {"metadata":{"emulator":{"name":"functions"},"function":{"name":"api"},"message":"[runtime-status] [1475] Resolved module firebase-admin {\"declared\":true,\"installed\":true,\"version\":\"8.13.0\",\"resolution\":\"/Users/trung/Desktop/fraa/fraa-functions/functions/node_modules/firebase-admin/lib/index.js\"}"}}
[debug] [2020-09-05T12:54:18.444Z] [runtime-status] [1475] Resolved module firebase-functions {"declared":true,"installed":true,"version":"3.7.0","resolution":"/Users/trung/Desktop/fraa/fraa-functions/functions/node_modules/firebase-functions/lib/index.js"} {"metadata":{"emulator":{"name":"functions"},"function":{"name":"api"},"message":"[runtime-status] [1475] Resolved module firebase-functions {\"declared\":true,\"installed\":true,\"version\":\"3.7.0\",\"resolution\":\"/Users/trung/Desktop/fraa/fraa-functions/functions/node_modules/firebase-functions/lib/index.js\"}"}}
[debug] [2020-09-05T12:54:18.447Z] [runtime-status] [1475] Resolved module firebase-functions {"declared":true,"installed":true,"version":"3.7.0","resolution":"/Users/trung/Desktop/fraa/fraa-functions/functions/node_modules/firebase-functions/lib/index.js"} {"metadata":{"emulator":{"name":"functions"},"function":{"name":"api"},"message":"[runtime-status] [1475] Resolved module firebase-functions {\"declared\":true,\"installed\":true,\"version\":\"3.7.0\",\"resolution\":\"/Users/trung/Desktop/fraa/fraa-functions/functions/node_modules/firebase-functions/lib/index.js\"}"}}
[debug] [2020-09-05T12:54:18.449Z] [runtime-status] [1475] Outgoing network have been stubbed. [{"name":"http","status":"mocked"},{"name":"http","status":"mocked"},{"name":"https","status":"mocked"},{"name":"https","status":"mocked"},{"name":"net","status":"mocked"}] {"metadata":{"emulator":{"name":"functions"},"function":{"name":"api"},"message":"[runtime-status] [1475] Outgoing network have been stubbed. [{\"name\":\"http\",\"status\":\"mocked\"},{\"name\":\"http\",\"status\":\"mocked\"},{\"name\":\"https\",\"status\":\"mocked\"},{\"name\":\"https\",\"status\":\"mocked\"},{\"name\":\"net\",\"status\":\"mocked\"}]"}}
[debug] [2020-09-05T12:54:18.449Z] [runtime-status] [1475] Resolved module firebase-functions {"declared":true,"installed":true,"version":"3.7.0","resolution":"/Users/trung/Desktop/fraa/fraa-functions/functions/node_modules/firebase-functions/lib/index.js"} {"metadata":{"emulator":{"name":"functions"},"function":{"name":"api"},"message":"[runtime-status] [1475] Resolved module firebase-functions {\"declared\":true,\"installed\":true,\"version\":\"3.7.0\",\"resolution\":\"/Users/trung/Desktop/fraa/fraa-functions/functions/node_modules/firebase-functions/lib/index.js\"}"}}
[debug] [2020-09-05T12:54:18.488Z] [runtime-status] [1475] Checked functions.config() {"config":{}} {"metadata":{"emulator":{"name":"functions"},"function":{"name":"api"},"message":"[runtime-status] [1475] Checked functions.config() {\"config\":{}}"}}
[debug] [2020-09-05T12:54:18.488Z] [runtime-status] [1475] firebase-functions has been stubbed. {"functionsResolution":{"declared":true,"installed":true,"version":"3.7.0","resolution":"/Users/trung/Desktop/fraa/fraa-functions/functions/node_modules/firebase-functions/lib/index.js"}} {"metadata":{"emulator":{"name":"functions"},"function":{"name":"api"},"message":"[runtime-status] [1475] firebase-functions has been stubbed. {\"functionsResolution\":{\"declared\":true,\"installed\":true,\"version\":\"3.7.0\",\"resolution\":\"/Users/trung/Desktop/fraa/fraa-functions/functions/node_modules/firebase-functions/lib/index.js\"}}"}}
[debug] [2020-09-05T12:54:18.489Z] [runtime-status] [1475] Resolved module firebase-functions {"declared":true,"installed":true,"version":"3.7.0","resolution":"/Users/trung/Desktop/fraa/fraa-functions/functions/node_modules/firebase-functions/lib/index.js"} {"metadata":{"emulator":{"name":"functions"},"function":{"name":"api"},"message":"[runtime-status] [1475] Resolved module firebase-functions {\"declared\":true,\"installed\":true,\"version\":\"3.7.0\",\"resolution\":\"/Users/trung/Desktop/fraa/fraa-functions/functions/node_modules/firebase-functions/lib/index.js\"}"}}
[debug] [2020-09-05T12:54:18.489Z] [runtime-status] [1475] Resolved module firebase-admin {"declared":true,"installed":true,"version":"8.13.0","resolution":"/Users/trung/Desktop/fraa/fraa-functions/functions/node_modules/firebase-admin/lib/index.js"} {"metadata":{"emulator":{"name":"functions"},"function":{"name":"api"},"message":"[runtime-status] [1475] Resolved module firebase-admin {\"declared\":true,\"installed\":true,\"version\":\"8.13.0\",\"resolution\":\"/Users/trung/Desktop/fraa/fraa-functions/functions/node_modules/firebase-admin/lib/index.js\"}"}}
[debug] [2020-09-05T12:54:18.490Z] [runtime-status] [1475] Resolved module firebase-functions {"declared":true,"installed":true,"version":"3.7.0","resolution":"/Users/trung/Desktop/fraa/fraa-functions/functions/node_modules/firebase-functions/lib/index.js"} {"metadata":{"emulator":{"name":"functions"},"function":{"name":"api"},"message":"[runtime-status] [1475] Resolved module firebase-functions {\"declared\":true,\"installed\":true,\"version\":\"3.7.0\",\"resolution\":\"/Users/trung/Desktop/fraa/fraa-functions/functions/node_modules/firebase-functions/lib/index.js\"}"}}
[debug] [2020-09-05T12:54:18.490Z] [runtime-status] [1475] firebase-admin has been stubbed. {"adminResolution":{"declared":true,"installed":true,"version":"8.13.0","resolution":"/Users/trung/Desktop/fraa/fraa-functions/functions/node_modules/firebase-admin/lib/index.js"}} {"metadata":{"emulator":{"name":"functions"},"function":{"name":"api"},"message":"[runtime-status] [1475] firebase-admin has been stubbed. {\"adminResolution\":{\"declared\":true,\"installed\":true,\"version\":\"8.13.0\",\"resolution\":\"/Users/trung/Desktop/fraa/fraa-functions/functions/node_modules/firebase-admin/lib/index.js\"}}"}}
[debug] [2020-09-05T12:54:18.932Z] [runtime-status] [1474] initializeApp(DEFAULT) {"apiKey":"AIzaSyCiqD5h3VRC1uVYmkFV7TQI7KimjYcvim8","authDomain":"fraa-capstone.firebaseapp.com","databaseURL":"https://fraa-capstone.firebaseio.com","projectId":"fraa-capstone","storageBucket":"fraa-capstone.appspot.com","messagingSenderId":"616373361277","appId":"1:616373361277:web:90de633e6f6ec99da6af14"} {"metadata":{"emulator":{"name":"functions"},"message":"[runtime-status] [1474] initializeApp(DEFAULT) {\"apiKey\":\"AIzaSyCiqD5h3VRC1uVYmkFV7TQI7KimjYcvim8\",\"authDomain\":\"fraa-capstone.firebaseapp.com\",\"databaseURL\":\"https://fraa-capstone.firebaseio.com\",\"projectId\":\"fraa-capstone\",\"storageBucket\":\"fraa-capstone.appspot.com\",\"messagingSenderId\":\"616373361277\",\"appId\":\"1:616373361277:web:90de633e6f6ec99da6af14\"}"}}
[warn] ⚠  functions: The Cloud Firestore emulator is not running, so calls to Firestore will affect production. {"metadata":{"emulator":{"name":"functions"},"message":"The Cloud Firestore emulator is not running, so calls to Firestore will affect production."}}
[debug] [2020-09-05T12:54:18.964Z] [runtime-status] [1475] initializeApp(DEFAULT) {"apiKey":"AIzaSyCiqD5h3VRC1uVYmkFV7TQI7KimjYcvim8","authDomain":"fraa-capstone.firebaseapp.com","databaseURL":"https://fraa-capstone.firebaseio.com","projectId":"fraa-capstone","storageBucket":"fraa-capstone.appspot.com","messagingSenderId":"616373361277","appId":"1:616373361277:web:90de633e6f6ec99da6af14"} {"metadata":{"emulator":{"name":"functions"},"function":{"name":"api"},"message":"[runtime-status] [1475] initializeApp(DEFAULT) {\"apiKey\":\"AIzaSyCiqD5h3VRC1uVYmkFV7TQI7KimjYcvim8\",\"authDomain\":\"fraa-capstone.firebaseapp.com\",\"databaseURL\":\"https://fraa-capstone.firebaseio.com\",\"projectId\":\"fraa-capstone\",\"storageBucket\":\"fraa-capstone.appspot.com\",\"messagingSenderId\":\"616373361277\",\"appId\":\"1:616373361277:web:90de633e6f6ec99da6af14\"}"}}
[warn] ⚠  functions: The Cloud Firestore emulator is not running, so calls to Firestore will affect production. {"metadata":{"emulator":{"name":"functions"},"function":{"name":"api"},"message":"The Cloud Firestore emulator is not running, so calls to Firestore will affect production."}}
[debug] [2020-09-05T12:54:19.300Z] [worker-~diagnostic~-ec4eb656-6da7-47c5-81bd-4df3ceb85ade]: IDLE {"metadata":{"emulator":{"name":"functions"},"message":"[worker-~diagnostic~-ec4eb656-6da7-47c5-81bd-4df3ceb85ade]: IDLE"}}
[debug] [2020-09-05T12:54:19.315Z] [runtime-status] [1475] Trigger "api" has been found, beginning invocation! {"metadata":{"emulator":{"name":"functions"},"function":{"name":"api"},"message":"[runtime-status] [1475] Trigger \"api\" has been found, beginning invocation!"}}
[info] i  functions: Beginning execution of "api" {"metadata":{"emulator":{"name":"functions"},"function":{"name":"api"},"message":"Beginning execution of \"api\""}}
[debug] [2020-09-05T12:54:19.315Z] [runtime-status] [1475] triggerDefinition {"regions":["asia-northeast1"],"httpsTrigger":{},"name":"api","entryPoint":"api"} {"metadata":{"emulator":{"name":"functions"},"function":{"name":"api"},"message":"[runtime-status] [1475] triggerDefinition {\"regions\":[\"asia-northeast1\"],\"httpsTrigger\":{},\"name\":\"api\",\"entryPoint\":\"api\"}"}}
[debug] [2020-09-05T12:54:19.315Z] [runtime-status] [1475] Running api in mode HTTPS {"metadata":{"emulator":{"name":"functions"},"function":{"name":"api"},"message":"[runtime-status] [1475] Running api in mode HTTPS"}}
[debug] [2020-09-05T12:54:19.319Z] [runtime-status] [1475] Attempting to listen to socketPath: /var/folders/97/h0v13rsn1jxbg6fq5cbtdgnw0000gp/T/fire_emu_1475.sock {"metadata":{"emulator":{"name":"functions"},"function":{"name":"api"},"message":"[runtime-status] [1475] Attempting to listen to socketPath: /var/folders/97/h0v13rsn1jxbg6fq5cbtdgnw0000gp/T/fire_emu_1475.sock"}}
[debug] [2020-09-05T12:54:19.322Z] [functions] Runtime ready! Sending request! {"metadata":{"emulator":{"name":"functions"},"message":"[functions] Runtime ready! Sending request!"}}
[debug] [2020-09-05T12:54:19.340Z] [runtime-status] [1475] Ephemeral server handling POST request {"metadata":{"emulator":{"name":"functions"},"function":{"name":"api"},"message":"[runtime-status] [1475] Ephemeral server handling POST request"}}
[debug] [2020-09-05T12:54:19.349Z] [runtime-status] [1475] Ephemeral server survived. {"metadata":{"emulator":{"name":"functions"},"function":{"name":"api"},"message":"[runtime-status] [1475] Ephemeral server survived."}}
[warn] ⚠  Google API requested!
   - URL: "https://oauth2.googleapis.com/token"
   - Be careful, this may be a production service. {"metadata":{"emulator":{"name":"functions"},"function":{"name":"api"},"message":"Google API requested!\n   - URL: \"https://oauth2.googleapis.com/token\"\n   - Be careful, this may be a production service."}}
[info] i  functions: Finished "api" in ~1s {"metadata":{"emulator":{"name":"functions"},"function":{"name":"api"},"message":"Finished \"api\" in ~1s"}}
[debug] [2020-09-05T12:54:20.867Z] [worker-api-9b1fa737-7a00-483c-b382-762100013f9a]: IDLE {"metadata":{"emulator":{"name":"functions"},"message":"[worker-api-9b1fa737-7a00-483c-b382-762100013f9a]: IDLE"}}
[debug] [2020-09-05T12:54:20.867Z] [work-queue] {"queueLength":0,"workRunningCount":0}
